<?xml version="1.0" encoding="UTF-8"?>
<testng-results skipped="0" failed="0" ignored="0" total="1" passed="1">
  <reporter-output>
  </reporter-output>
  <suite name="Default suite" duration-ms="53" started-at="2019-09-12T20:19:48Z" finished-at="2019-09-12T20:19:48Z">
    <groups>
    </groups>
    <test name="Default test" duration-ms="53" started-at="2019-09-12T20:19:48Z" finished-at="2019-09-12T20:19:48Z">
      <class name="collections.FindDuplicatesInArray">
        <test-method status="PASS" signature="test()[pri:0, instance:collections.FindDuplicatesInArray@548e7350]" name="test" duration-ms="16" started-at="2019-09-12T20:19:48Z" finished-at="2019-09-12T20:19:48Z">
          <reporter-output>
          </reporter-output>
        </test-method> <!-- test -->
      </class> <!-- collections.FindDuplicatesInArray -->
    </test> <!-- Default test -->
  </suite> <!-- Default suite -->
</testng-results>
