<?xml version="1.0" encoding="UTF-8"?>
<testng-results skipped="0" failed="0" ignored="0" total="1" passed="1">
  <reporter-output>
  </reporter-output>
  <suite name="Default suite" duration-ms="68" started-at="2019-09-12T19:42:30Z" finished-at="2019-09-12T19:42:30Z">
    <groups>
    </groups>
    <test name="Default test" duration-ms="68" started-at="2019-09-12T19:42:30Z" finished-at="2019-09-12T19:42:30Z">
      <class name="collections.HashMapTest">
        <test-method status="PASS" signature="test()[pri:0, instance:collections.HashMapTest@548e7350]" name="test" duration-ms="25" started-at="2019-09-12T19:42:30Z" finished-at="2019-09-12T19:42:30Z">
          <reporter-output>
          </reporter-output>
        </test-method> <!-- test -->
      </class> <!-- collections.HashMapTest -->
    </test> <!-- Default test -->
  </suite> <!-- Default suite -->
</testng-results>
